# apply_filename_sanitisation  2026-03-22T16:01:36.147343
# mode: live
# renamed: 209  unchanged: 4253

/mock/path/to/project/music/downloaded/classified/albums/Artist/LsJack/FictionalBand - rock-song-14f913.mp3  ->  /mock/path/to/project/music/downloaded/classified/albums/Artist/LsJack/FictionalBand - rock-song-79af88.mp3
/mock/path/to/project/music/downloaded/classified/albums/Artist/80s/FictionalBand - rock-song-67d383.mp3  ->  /mock/path/to/project/music/downloaded/classified/albums/Artist/80s/FictionalBand - rock-song-5a363d.mp3
/mock/path/to/project/music/downloaded/classified/albums/Artist/90s/FictionalBand - rock-song-5151b6.mp3  ->  /mock/path/to/project/music/downloaded/classified/albums/Artist/90s/FictionalBand - rock-song-83c453.mp3
/mock/path/to/project/music/downloaded/classified/albums/Artist/FictionalBand_73a521/FictionalBand - rock-song-f50c5b.mp3  ->  /mock/path/to/project/music/downloaded/classified/albums/Artist/FictionalBand_73a521/FictionalBand - rock-song-55e08b.mp3
/mock/path/to/project/music/downloaded/classified/albums/Artist/FictionalBand_73a521/FictionalBand - rock-song-cc5fe7.mp3  ->  /mock/path/to/project/music/downloaded/classified/albums/Artist/FictionalBand_73a521/FictionalBand - rock-song-80fe07.mp3
/mock/path/to/project/music/downloaded/classified/albums/Artist/FictionalBand_73a521/FictionalBand - rock-song-09c0f6.mp3  ->  /mock/path/to/project/music/downloaded/classified/albums/Artist/FictionalBand_73a521/FictionalBand - rock-song-72d248.mp3
/mock/path/to/project/music/downloaded/classified/albums/Artist/BruceSpringsteen/FictionalBand - rock-song-84ec32.mp3  ->  /mock/path/to/project/music/downloaded/classified/albums/Artist/BruceSpringsteen/FictionalBand - rock-song-6e97e7.mp3
/mock/path/to/project/music/downloaded/classified/albums/Artist/FictionalBand_b27e2c/FictionalBand - rock-song-364aa6.mp3  ->  /mock/path/to/project/music/downloaded/classified/albums/Artist/FictionalBand_b27e2c/FictionalBand - rock-song-665fc5.mp3
/mock/path/to/project/music/downloaded/classified/albums/Artist/FictionalBand_c303b6/FictionalBand - rock-song-ee62b5.mp3  ->  /mock/path/to/project/music/downloaded/classified/albums/Artist/FictionalBand_c303b6/FictionalBand - rock-song-9ff51e.mp3
/mock/path/to/project/music/downloaded/classified/albums/Artist/FictionalBand_c7bd66/FictionalBand - rock-song-a1cbfa.mp3  ->  /mock/path/to/project/music/downloaded/classified/albums/Artist/FictionalBand_c7bd66/FictionalBand - rock-song-d3a3ac.mp3
/mock/path/to/project/music/downloaded/classified/albums/Artist/CharlieBrownJr/FictionalBand - rock-song-1216f1.mp3  ->  /mock/path/to/project/music/downloaded/classified/albums/Artist/CharlieBrownJr/FictionalBand - rock-song-4800d1.mp3
/mock/path/to/project/music/downloaded/classified/albums/Artist/ChuckBerry/FictionalBand - rock-song-55ad77.mp3  ->  /mock/path/to/project/music/downloaded/classified/albums/Artist/ChuckBerry/FictionalBand - rock-song-27fe4e.mp3
/mock/path/to/project/music/downloaded/classified/albums/Artist/FictionalBand_128f37/FictionalBand - rock-song-989617.mp3  ->  /mock/path/to/project/music/downloaded/classified/albums/Artist/FictionalBand_128f37/FictionalBand - rock-song-dc953c.mp3
/mock/path/to/project/music/downloaded/classified/albums/Artist/CyberpunkBeats/FictionalBand - rock-song-cbf666.mp3  ->  /mock/path/to/project/music/downloaded/classified/albums/Artist/CyberpunkBeats/FictionalBand - rock-song-052f27.mp3
/mock/path/to/project/music/downloaded/classified/albums/Artist/CyberpunkBeats/FictionalBand - rock-song-deeb0a.mp3  ->  /mock/path/to/project/music/downloaded/classified/albums/Artist/CyberpunkBeats/FictionalBand - rock-song-76076f.mp3
/mock/path/to/project/music/downloaded/classified/albums/Artist/CyberpunkBeats/FictionalBand - rock-song-a069d4.mp3  ->  /mock/path/to/project/music/downloaded/classified/albums/Artist/CyberpunkBeats/FictionalBand - rock-song-c01a9a.mp3
/mock/path/to/project/music/downloaded/classified/albums/Artist/CyberpunkBeats/FictionalBand - rock-song-964846.mp3  ->  /mock/path/to/project/music/downloaded/classified/albums/Artist/CyberpunkBeats/FictionalBand - rock-song-d96133.mp3
/mock/path/to/project/music/downloaded/classified/albums/Artist/D/FictionalBand - rock-song-50cfe6.mp3  ->  /mock/path/to/project/music/downloaded/classified/albums/Artist/D/FictionalBand - rock-song-24d01b.mp3
/mock/path/to/project/music/downloaded/classified/albums/Artist/DarkAngelMetal/FictionalBand - rock-song-2c650e.mp3  ->  /mock/path/to/project/music/downloaded/classified/albums/Artist/DarkAngelMetal/FictionalBand - rock-song-df78da.mp3
/mock/path/to/project/music/downloaded/classified/albums/Artist/FictionalBand_1fde13/FictionalBand - rock-song-2502ff.mp3  ->  /mock/path/to/project/music/downloaded/classified/albums/Artist/FictionalBand_1fde13/FictionalBand - rock-song-a000f1.mp3
/mock/path/to/project/music/downloaded/classified/albums/Artist/FictionalBand_1fde13/FictionalBand - rock-song-ff1e62.mp3  ->  /mock/path/to/project/music/downloaded/classified/albums/Artist/FictionalBand_1fde13/FictionalBand - rock-song-447f6b.mp3
/mock/path/to/project/music/downloaded/classified/albums/Artist/FictionalBand_f11f1b/FictionalBand - rock-song-883b89.mp3  ->  /mock/path/to/project/music/downloaded/classified/albums/Artist/FictionalBand_f11f1b/FictionalBand - rock-song-430167.mp3
/mock/path/to/project/music/downloaded/classified/albums/Artist/FictionalBand_f11f1b/FictionalBand - rock-song-976cde.mp3  ->  /mock/path/to/project/music/downloaded/classified/albums/Artist/FictionalBand_f11f1b/FictionalBand - rock-song-45ed48.mp3
/mock/path/to/project/music/downloaded/classified/albums/Artist/EgyptianMetal/FictionalBand - rock-song-dcd6dc.mp3  ->  /mock/path/to/project/music/downloaded/classified/albums/Artist/EgyptianMetal/FictionalBand - rock-song-8ac941.mp3
/mock/path/to/project/music/downloaded/classified/albums/Artist/EgyptianMetal/FictionalBand - rock-song-20be12.mp3  ->  /mock/path/to/project/music/downloaded/classified/albums/Artist/EgyptianMetal/FictionalBand - rock-song-5de597.mp3
/mock/path/to/project/music/downloaded/classified/albums/Artist/EgyptianMetal/FictionalBand - rock-song-9b2e02.mp3  ->  /mock/path/to/project/music/downloaded/classified/albums/Artist/EgyptianMetal/FictionalBand - rock-song-0a7630.mp3
/mock/path/to/project/music/downloaded/classified/albums/Artist/FundoDeQuintal/FictionalBand - rock-song-c7338b.mp3  ->  /mock/path/to/project/music/downloaded/classified/albums/Artist/FundoDeQuintal/FictionalBand - rock-song-11db16.mp3
/mock/path/to/project/music/downloaded/classified/albums/Artist/Genesis/FictionalBand - rock-song-9e3dc4.mp3  ->  /mock/path/to/project/music/downloaded/classified/albums/Artist/Genesis/FictionalBand - rock-song-9fd8d8.mp3
/mock/path/to/project/music/downloaded/classified/albums/Artist/Genesis/FictionalBand - rock-song-63d114.mp3  ->  /mock/path/to/project/music/downloaded/classified/albums/Artist/Genesis/FictionalBand - rock-song-2f85e0.mp3
/mock/path/to/project/music/downloaded/classified/albums/Artist/FictionalBand_66987c/FictionalBand - rock-song-9df5b3.mp3  ->  /mock/path/to/project/music/downloaded/classified/albums/Artist/FictionalBand_66987c/FictionalBand - rock-song-c0b0af.mp3
/mock/path/to/project/music/downloaded/classified/albums/Artist/I/FictionalBand - rock-song-ea48a3.mp3  ->  /mock/path/to/project/music/downloaded/classified/albums/Artist/I/FictionalBand - rock-song-cfbfc8.mp3
/mock/path/to/project/music/downloaded/classified/albums/Artist/FictionalBand_4c8735/FictionalBand - rock-song-b7b4f1.mp3  ->  /mock/path/to/project/music/downloaded/classified/albums/Artist/FictionalBand_4c8735/FictionalBand - rock-song-2c3b22.mp3
/mock/path/to/project/music/downloaded/classified/albums/Artist/Journey/FictionalBand - rock-song-880861.mp3  ->  /mock/path/to/project/music/downloaded/classified/albums/Artist/Journey/FictionalBand - rock-song-5fe06a.mp3
/mock/path/to/project/music/downloaded/classified/albums/Artist/K/FictionalBand - rock-song-503ab5.mp3  ->  /mock/path/to/project/music/downloaded/classified/albums/Artist/K/FictionalBand - rock-song-49b506.mp3
/mock/path/to/project/music/downloaded/classified/albums/Artist/FictionalBand_a415ff/FictionalBand - rock-song-858752.mp3  ->  /mock/path/to/project/music/downloaded/classified/albums/Artist/FictionalBand_a415ff/FictionalBand - rock-song-c0d195.mp3
/mock/path/to/project/music/downloaded/classified/albums/Artist/FictionalBand_a415ff/FictionalBand - rock-song-b86f80.mp3  ->  /mock/path/to/project/music/downloaded/classified/albums/Artist/FictionalBand_a415ff/FictionalBand - rock-song-d0bb2e.mp3
/mock/path/to/project/music/downloaded/classified/albums/Artist/MedievalAmbience/FictionalBand - rock-song-ab54ea.mp3  ->  /mock/path/to/project/music/downloaded/classified/albums/Artist/MedievalAmbience/FictionalBand - rock-song-04ba0e.mp3
/mock/path/to/project/music/downloaded/classified/albums/Artist/FictionalBand_8b0ee5/FictionalBand - rock-song-3de736.mp3  ->  /mock/path/to/project/music/downloaded/classified/albums/Artist/FictionalBand_8b0ee5/FictionalBand - rock-song-f4a774.mp3
/mock/path/to/project/music/downloaded/classified/albums/Artist/FictionalBand_8b0ee5/FictionalBand - rock-song-846f5f.mp3  ->  /mock/path/to/project/music/downloaded/classified/albums/Artist/FictionalBand_8b0ee5/FictionalBand - rock-song-b65f61.mp3
/mock/path/to/project/music/downloaded/classified/albums/Artist/FictionalBand_8b0ee5/FictionalBand - rock-song-ff051b.mp3  ->  /mock/path/to/project/music/downloaded/classified/albums/Artist/FictionalBand_8b0ee5/FictionalBand - rock-song-2f5799.mp3
/mock/path/to/project/music/downloaded/classified/albums/Artist/FictionalBand_7d720b/FictionalBand - rock-song-2e1787.mp3  ->  /mock/path/to/project/music/downloaded/classified/albums/Artist/FictionalBand_7d720b/FictionalBand - rock-song-ba2c13.mp3
/mock/path/to/project/music/downloaded/classified/albums/Artist/FictionalBand_7d720b/FictionalBand - rock-song-a0a2e7.mp3  ->  /mock/path/to/project/music/downloaded/classified/albums/Artist/FictionalBand_7d720b/FictionalBand - rock-song-16f0b0.mp3
/mock/path/to/project/music/downloaded/classified/albums/Artist/N/FictionalBand - rock-song-c917d9.mp3  ->  /mock/path/to/project/music/downloaded/classified/albums/Artist/N/FictionalBand - rock-song-799fdb.mp3
/mock/path/to/project/music/downloaded/classified/albums/Artist/FictionalBand_2af787/FictionalBand - rock-song-ff1186.mp3  ->  /mock/path/to/project/music/downloaded/classified/albums/Artist/FictionalBand_2af787/FictionalBand - rock-song-344fd5.mp3
/mock/path/to/project/music/downloaded/classified/albums/Artist/NeYo/FictionalBand - rock-song-b5e0c2.mp3  ->  /mock/path/to/project/music/downloaded/classified/albums/Artist/NeYo/FictionalBand - rock-song-661b11.mp3
/mock/path/to/project/music/downloaded/classified/albums/Artist/Nintendo/FictionalBand - rock-song-7a413f.mp3  ->  /mock/path/to/project/music/downloaded/classified/albums/Artist/Nintendo/FictionalBand - rock-song-d3c6fd.mp3
/mock/path/to/project/music/downloaded/classified/albums/Artist/Nintendo/FictionalBand - rock-song-dd0af0.mp3  ->  /mock/path/to/project/music/downloaded/classified/albums/Artist/Nintendo/FictionalBand - rock-song-0b00a3.mp3
/mock/path/to/project/music/downloaded/classified/albums/Artist/Nintendo/FictionalBand - rock-song-057d9b.mp3  ->  /mock/path/to/project/music/downloaded/classified/albums/Artist/Nintendo/FictionalBand - rock-song-68d06d.mp3
/mock/path/to/project/music/downloaded/classified/albums/Artist/Nintendo/FictionalBand - rock-song-f61cc8.mp3  ->  /mock/path/to/project/music/downloaded/classified/albums/Artist/Nintendo/FictionalBand - rock-song-ca630e.mp3
/mock/path/to/project/music/downloaded/classified/albums/Artist/Nintendo/FictionalBand - rock-song-3ccf76.mp3  ->  /mock/path/to/project/music/downloaded/classified/albums/Artist/Nintendo/FictionalBand - rock-song-145698.mp3
/mock/path/to/project/music/downloaded/classified/albums/Artist/Nintendo/FictionalBand - rock-song-ad721f.mp3  ->  /mock/path/to/project/music/downloaded/classified/albums/Artist/Nintendo/FictionalBand - rock-song-de55c2.mp3
/mock/path/to/project/music/downloaded/classified/albums/Artist/Nintendo/FictionalBand - rock-song-7e8254.mp3  ->  /mock/path/to/project/music/downloaded/classified/albums/Artist/Nintendo/FictionalBand - rock-song-7c56f3.mp3
/mock/path/to/project/music/downloaded/classified/albums/Artist/Nintendo/FictionalBand - rock-song-e634c5.mp3  ->  /mock/path/to/project/music/downloaded/classified/albums/Artist/Nintendo/FictionalBand - rock-song-c76dfb.mp3
/mock/path/to/project/music/downloaded/classified/albums/Artist/Nintendo/FictionalBand - rock-song-f8886c.mp3  ->  /mock/path/to/project/music/downloaded/classified/albums/Artist/Nintendo/FictionalBand - rock-song-9e7b6f.mp3
/mock/path/to/project/music/downloaded/classified/albums/Artist/Nujabes/FictionalBand - rock-song-e07e37.mp3  ->  /mock/path/to/project/music/downloaded/classified/albums/Artist/Nujabes/FictionalBand - rock-song-b04201.mp3
/mock/path/to/project/music/downloaded/classified/albums/Artist/Nujabes/FictionalBand - rock-song-9a6bc4.mp3  ->  /mock/path/to/project/music/downloaded/classified/albums/Artist/Nujabes/FictionalBand - rock-song-7149cc.mp3
/mock/path/to/project/music/downloaded/classified/albums/Artist/NuMetalPlaylist/FictionalBand - rock-song-b86f80.mp3  ->  /mock/path/to/project/music/downloaded/classified/albums/Artist/NuMetalPlaylist/FictionalBand - rock-song-d0bb2e.mp3
/mock/path/to/project/music/downloaded/classified/albums/Artist/FictionalBand_045423/FictionalBand - rock-song-981a0e.mp3  ->  /mock/path/to/project/music/downloaded/classified/albums/Artist/FictionalBand_045423/FictionalBand - rock-song-93b4b8.mp3
/mock/path/to/project/music/downloaded/classified/albums/Artist/PhilCollins/FictionalBand - rock-song-f1cfe3.mp3  ->  /mock/path/to/project/music/downloaded/classified/albums/Artist/PhilCollins/FictionalBand - rock-song-40a534.mp3
/mock/path/to/project/music/downloaded/classified/albums/Artist/FictionalBand_4cd56b/FictionalBand - rock-song-d0f897.mp3  ->  /mock/path/to/project/music/downloaded/classified/albums/Artist/FictionalBand_4cd56b/FictionalBand - rock-song-d0dddd.mp3
/mock/path/to/project/music/downloaded/classified/albums/Artist/FictionalBand_4cd56b/FictionalBand - rock-song-356e27.mp3  ->  /mock/path/to/project/music/downloaded/classified/albums/Artist/FictionalBand_4cd56b/FictionalBand - rock-song-817544.mp3
/mock/path/to/project/music/downloaded/classified/albums/Artist/FictionalBand_4cd56b/FictionalBand - rock-song-93059f.mp3  ->  /mock/path/to/project/music/downloaded/classified/albums/Artist/FictionalBand_4cd56b/FictionalBand - rock-song-a18817.mp3
/mock/path/to/project/music/downloaded/classified/albums/Artist/PirateMetal/FictionalBand - rock-song-96c772.mp3  ->  /mock/path/to/project/music/downloaded/classified/albums/Artist/PirateMetal/FictionalBand - rock-song-becaaf.mp3
/mock/path/to/project/music/downloaded/classified/albums/Artist/PirateMetal/FictionalBand - rock-song-e49913.mp3  ->  /mock/path/to/project/music/downloaded/classified/albums/Artist/PirateMetal/FictionalBand - rock-song-6fd22b.mp3
/mock/path/to/project/music/downloaded/classified/albums/Artist/PlayStation/FictionalBand - rock-song-bb78a0.mp3  ->  /mock/path/to/project/music/downloaded/classified/albums/Artist/PlayStation/FictionalBand - rock-song-0d0eec.mp3
/mock/path/to/project/music/downloaded/classified/albums/Artist/FictionalBand_97c8f6/FictionalBand - rock-song-b82919.mp3  ->  /mock/path/to/project/music/downloaded/classified/albums/Artist/FictionalBand_97c8f6/FictionalBand - rock-song-855eae.mp3
/mock/path/to/project/music/downloaded/classified/albums/Artist/FictionalBand_2c2d2c/FictionalBand - rock-song-9093fd.mp3  ->  /mock/path/to/project/music/downloaded/classified/albums/Artist/FictionalBand_2c2d2c/FictionalBand - rock-song-292e1a.mp3
/mock/path/to/project/music/downloaded/classified/albums/Artist/FictionalBand_be7649/FictionalBand - rock-song-61a48e.mp3  ->  /mock/path/to/project/music/downloaded/classified/albums/Artist/FictionalBand_be7649/FictionalBand - rock-song-e6baf4.mp3
/mock/path/to/project/music/downloaded/classified/albums/Artist/FictionalBand_bdb558/FictionalBand - rock-song-b593e5.mp3  ->  /mock/path/to/project/music/downloaded/classified/albums/Artist/FictionalBand_bdb558/FictionalBand - rock-song-30f88b.mp3
/mock/path/to/project/music/downloaded/classified/albums/Artist/FictionalBand_f5b7d8/FictionalBand - rock-song-7a413f.mp3  ->  /mock/path/to/project/music/downloaded/classified/albums/Artist/FictionalBand_f5b7d8/FictionalBand - rock-song-d3c6fd.mp3
/mock/path/to/project/music/downloaded/classified/albums/Artist/FictionalBand_f5b7d8/FictionalBand - rock-song-3de736.mp3  ->  /mock/path/to/project/music/downloaded/classified/albums/Artist/FictionalBand_f5b7d8/FictionalBand - rock-song-f4a774.mp3
/mock/path/to/project/music/downloaded/classified/albums/Artist/FictionalBand_f5b7d8/FictionalBand - rock-song-981a0e.mp3  ->  /mock/path/to/project/music/downloaded/classified/albums/Artist/FictionalBand_f5b7d8/FictionalBand - rock-song-93b4b8.mp3
/mock/path/to/project/music/downloaded/classified/albums/Artist/FictionalBand_f5b7d8/FictionalBand - rock-song-ccb813.mp3  ->  /mock/path/to/project/music/downloaded/classified/albums/Artist/FictionalBand_f5b7d8/FictionalBand - rock-song-6a50c4.mp3
/mock/path/to/project/music/downloaded/classified/albums/Artist/FictionalBand_f5b7d8/FictionalBand - rock-song-becf7e.mp3  ->  /mock/path/to/project/music/downloaded/classified/albums/Artist/FictionalBand_f5b7d8/FictionalBand - rock-song-201ece.mp3
/mock/path/to/project/music/downloaded/classified/albums/Artist/FictionalBand_f5b7d8/FictionalBand - rock-song-e35a80.mp3  ->  /mock/path/to/project/music/downloaded/classified/albums/Artist/FictionalBand_f5b7d8/FictionalBand - rock-song-e40690.mp3
/mock/path/to/project/music/downloaded/classified/albums/Artist/SamSmith/FictionalBand - rock-song-9231c4.mp3  ->  /mock/path/to/project/music/downloaded/classified/albums/Artist/SamSmith/FictionalBand - rock-song-0fc158.mp3
/mock/path/to/project/music/downloaded/classified/albums/Artist/Scorpions/FictionalBand - rock-song-9c7b0d.mp3  ->  /mock/path/to/project/music/downloaded/classified/albums/Artist/Scorpions/FictionalBand - rock-song-4457f7.mp3
/mock/path/to/project/music/downloaded/classified/albums/Artist/Shibuya/FictionalBand - rock-song-d20328.mp3  ->  /mock/path/to/project/music/downloaded/classified/albums/Artist/Shibuya/FictionalBand - rock-song-fc8fe5.mp3
/mock/path/to/project/music/downloaded/classified/albums/Artist/singled/FictionalBand - rock-song-3ca4bf.mp3  ->  /mock/path/to/project/music/downloaded/classified/albums/Artist/singled/FictionalBand - rock-song-14a701.mp3
/mock/path/to/project/music/downloaded/classified/albums/Artist/SummerEletrohits/FictionalBand - rock-song-259dcf.mp3  ->  /mock/path/to/project/music/downloaded/classified/albums/Artist/SummerEletrohits/FictionalBand - rock-song-74121c.mp3
/mock/path/to/project/music/downloaded/classified/albums/Artist/FictionalBand_ce3bd1/FictionalBand - rock-song-b86f80.mp3  ->  /mock/path/to/project/music/downloaded/classified/albums/Artist/FictionalBand_ce3bd1/FictionalBand - rock-song-d0bb2e.mp3
/mock/path/to/project/music/downloaded/classified/albums/Artist/FictionalBand_ce3bd1/FictionalBand - rock-song-9e4441.mp3  ->  /mock/path/to/project/music/downloaded/classified/albums/Artist/FictionalBand_ce3bd1/FictionalBand - rock-song-da8edc.mp3
/mock/path/to/project/music/downloaded/classified/albums/Artist/FictionalBand_ce3bd1/FictionalBand - rock-song-e6b180.mp3  ->  /mock/path/to/project/music/downloaded/classified/albums/Artist/FictionalBand_ce3bd1/FictionalBand - rock-song-17e4d0.mp3
/mock/path/to/project/music/downloaded/classified/albums/Artist/FictionalBand_ce3bd1/FictionalBand - rock-song-1b27e5.mp3  ->  /mock/path/to/project/music/downloaded/classified/albums/Artist/FictionalBand_ce3bd1/FictionalBand - rock-song-93782b.mp3
/mock/path/to/project/music/downloaded/classified/albums/Artist/FictionalBand_ce3bd1/FictionalBand - rock-song-5fb1ef.mp3  ->  /mock/path/to/project/music/downloaded/classified/albums/Artist/FictionalBand_ce3bd1/FictionalBand - rock-song-1c2c7d.mp3
/mock/path/to/project/music/downloaded/classified/albums/Artist/TimMaia/FictionalBand - rock-song-3b3482.mp3  ->  /mock/path/to/project/music/downloaded/classified/albums/Artist/TimMaia/FictionalBand - rock-song-a4c5ac.mp3
/mock/path/to/project/music/downloaded/classified/albums/Artist/FictionalBand_b59334/FictionalBand - rock-song-70c7cf.mp3  ->  /mock/path/to/project/music/downloaded/classified/albums/Artist/FictionalBand_b59334/FictionalBand - rock-song-7ee6ea.mp3
/mock/path/to/project/music/downloaded/classified/albums/Artist/FictionalBand_93cba0/FictionalBand - rock-song-ee140c.mp3  ->  /mock/path/to/project/music/downloaded/classified/albums/Artist/FictionalBand_93cba0/FictionalBand - rock-song-0a7b8f.mp3
/mock/path/to/project/music/downloaded/classified/albums/Artist/FictionalBand_6146d0/FictionalBand - rock-song-e5815e.mp3  ->  /mock/path/to/project/music/downloaded/classified/albums/Artist/FictionalBand_6146d0/FictionalBand - rock-song-61022a.mp3
/mock/path/to/project/music/downloaded/classified/albums/Artist/FictionalBand_6146d0/FictionalBand - rock-song-a28b58.mp3  ->  /mock/path/to/project/music/downloaded/classified/albums/Artist/FictionalBand_6146d0/FictionalBand - rock-song-19d13a.mp3
/mock/path/to/project/music/downloaded/classified/albums/Artist/FictionalBand_6146d0/FictionalBand - rock-song-9a1137.mp3  ->  /mock/path/to/project/music/downloaded/classified/albums/Artist/FictionalBand_6146d0/FictionalBand - rock-song-2904d4.mp3
/mock/path/to/project/music/downloaded/classified/albums/Artist/FictionalBand_6146d0/FictionalBand - rock-song-d96fae.mp3  ->  /mock/path/to/project/music/downloaded/classified/albums/Artist/FictionalBand_6146d0/FictionalBand - rock-song-4bb440.mp3
/mock/path/to/project/music/downloaded/classified/albums/Artist/FictionalBand_6146d0/FictionalBand - rock-song-767b32.mp3  ->  /mock/path/to/project/music/downloaded/classified/albums/Artist/FictionalBand_6146d0/FictionalBand - rock-song-ca89db.mp3
/mock/path/to/project/music/downloaded/classified/albums/Artist/[(80s)]/FictionalBand - rock-song-5f8f5b.mp3  ->  /mock/path/to/project/music/downloaded/classified/albums/Artist/[(80s)]/FictionalBand - rock-song-719d67.mp3
/mock/path/to/project/music/downloaded/classified/singles/Artist/FictionalBand_c7bd66/FictionalBand - rock-song-83ff21.mp3  ->  /mock/path/to/project/music/downloaded/classified/singles/Artist/FictionalBand_c7bd66/FictionalBand - rock-song-8484ba.mp3
/mock/path/to/project/music/downloaded/classified/singles/Artist/FictionalBand_c7bd66/FictionalBand - rock-song-c47157.mp3  ->  /mock/path/to/project/music/downloaded/classified/singles/Artist/FictionalBand_c7bd66/FictionalBand - rock-song-7e62f9.mp3
/mock/path/to/project/music/downloaded/classified/singles/Artist/FictionalBand_962289/FictionalBand - rock-song-2392e1.mp3  ->  /mock/path/to/project/music/downloaded/classified/singles/Artist/FictionalBand_962289/FictionalBand - rock-song-190a78.mp3
/mock/path/to/project/music/downloaded/classified/singles/Artist/FictionalBand_f11f1b/FictionalBand - rock-song-146489.mp3  ->  /mock/path/to/project/music/downloaded/classified/singles/Artist/FictionalBand_f11f1b/FictionalBand - rock-song-de190d.mp3
/mock/path/to/project/music/downloaded/classified/singles/Artist/FictionalBand_21761c/FictionalBand - rock-song-c31c5a.mp3  ->  /mock/path/to/project/music/downloaded/classified/singles/Artist/FictionalBand_21761c/FictionalBand - rock-song-df9965.mp3
/mock/path/to/project/music/downloaded/classified/singles/Artist/FictionalBand_21761c/FictionalBand - rock-song-ca718d.mp3  ->  /mock/path/to/project/music/downloaded/classified/singles/Artist/FictionalBand_21761c/FictionalBand - rock-song-228634.mp3
/mock/path/to/project/music/downloaded/classified/singles/Artist/FictionalBand_25cf10/FictionalBand - rock-song-885f1b.mp3  ->  /mock/path/to/project/music/downloaded/classified/singles/Artist/FictionalBand_25cf10/FictionalBand - rock-song-6a393d.mp3
/mock/path/to/project/music/downloaded/classified/singles/Artist/FictionalBand_7a0069/FictionalBand - rock-song-e509c8.mp3  ->  /mock/path/to/project/music/downloaded/classified/singles/Artist/FictionalBand_7a0069/FictionalBand - rock-song-a09492.mp3
/mock/path/to/project/music/downloaded/classified/singles/Artist/FictionalBand_6992a2/FictionalBand - rock-song-9c1d65.mp3  ->  /mock/path/to/project/music/downloaded/classified/singles/Artist/FictionalBand_6992a2/FictionalBand - rock-song-2f9297.mp3
/mock/path/to/project/music/downloaded/classified/singles/Artist/FictionalBand_6f9412/FictionalBand - rock-song-5d0d04.mp3  ->  /mock/path/to/project/music/downloaded/classified/singles/Artist/FictionalBand_6f9412/FictionalBand - rock-song-d33eca.mp3
/mock/path/to/project/music/downloaded/classified/singles/Artist/FictionalBand_aded52/FictionalBand - rock-song-a50da7.mp3  ->  /mock/path/to/project/music/downloaded/classified/singles/Artist/FictionalBand_aded52/FictionalBand - rock-song-dcf0b6.mp3
/mock/path/to/project/music/downloaded/classified/singles/Artist/FictionalBand_03946b/FictionalBand - rock-song-2cddef.mp3  ->  /mock/path/to/project/music/downloaded/classified/singles/Artist/FictionalBand_03946b/FictionalBand - rock-song-ba4d2f.mp3
/mock/path/to/project/music/downloaded/classified/singles/Artist/FictionalBand_f5b7d8/FictionalBand - rock-song-594778.mp3  ->  /mock/path/to/project/music/downloaded/classified/singles/Artist/FictionalBand_f5b7d8/FictionalBand - rock-song-309fa1.mp3
/mock/path/to/project/music/downloaded/classified/singles/Artist/FictionalBand_f5b7d8/FictionalBand - rock-song-e133ce.mp3  ->  /mock/path/to/project/music/downloaded/classified/singles/Artist/FictionalBand_f5b7d8/FictionalBand - rock-song-f84d5e.mp3
/mock/path/to/project/music/downloaded/classified/singles/Artist/FictionalBand_42d5d5/FictionalBand - rock-song-6312d4.mp3  ->  /mock/path/to/project/music/downloaded/classified/singles/Artist/FictionalBand_42d5d5/FictionalBand - rock-song-c8de55.mp3
/mock/path/to/project/music/downloaded/classified/singles/Artist/FictionalBand_d733b8/FictionalBand - rock-song-83ff21.mp3  ->  /mock/path/to/project/music/downloaded/classified/singles/Artist/FictionalBand_d733b8/FictionalBand - rock-song-8484ba.mp3
/mock/path/to/project/music/downloaded/classified/singles/Artist/FictionalBand_d733b8/FictionalBand - rock-song-c47157.mp3  ->  /mock/path/to/project/music/downloaded/classified/singles/Artist/FictionalBand_d733b8/FictionalBand - rock-song-7e62f9.mp3
/mock/path/to/project/music/downloaded/classified/singles/Artist/FictionalBand_d733b8/FictionalBand - rock-song-9c1d65.mp3  ->  /mock/path/to/project/music/downloaded/classified/singles/Artist/FictionalBand_d733b8/FictionalBand - rock-song-2f9297.mp3
/mock/path/to/project/music/downloaded/classified/singles/Artist/FictionalBand_ce3bd1/FictionalBand - rock-song-b16ada.mp3  ->  /mock/path/to/project/music/downloaded/classified/singles/Artist/FictionalBand_ce3bd1/FictionalBand - rock-song-74c0c3.mp3
/mock/path/to/project/music/downloaded/classified/singles/Artist/FictionalBand_ce3bd1/FictionalBand - rock-song-46685b.mp3  ->  /mock/path/to/project/music/downloaded/classified/singles/Artist/FictionalBand_ce3bd1/FictionalBand - rock-song-58c845.mp3
/mock/path/to/project/music/downloaded/classified/singles/Artist/FictionalBand_0a4f78/FictionalBand - rock-song-0d1aac.mp3  ->  /mock/path/to/project/music/downloaded/classified/singles/Artist/FictionalBand_0a4f78/FictionalBand - rock-song-a25e24.mp3
/mock/path/to/project/music/downloaded/classified/singles/Artist/FictionalBand_0a4f78/FictionalBand - rock-song-382404.mp3  ->  /mock/path/to/project/music/downloaded/classified/singles/Artist/FictionalBand_0a4f78/FictionalBand - rock-song-0ca52a.mp3
/mock/path/to/project/music/downloaded/classified/singles/Artist/FictionalBand_91273e/FictionalBand - rock-song-1f1503.mp3  ->  /mock/path/to/project/music/downloaded/classified/singles/Artist/FictionalBand_91273e/FictionalBand - rock-song-613f52.mp3
/mock/path/to/project/music/downloaded/classified/singles/Artist/FictionalBand_6146d0/FictionalBand - rock-song-5b09ca.mp3  ->  /mock/path/to/project/music/downloaded/classified/singles/Artist/FictionalBand_6146d0/FictionalBand - rock-song-a9fb14.mp3
/mock/path/to/project/music/downloaded/classified/singles/Genre/AlternativeRock/FictionalBand - rock-song-594778.mp3  ->  /mock/path/to/project/music/downloaded/classified/singles/Genre/AlternativeRock/FictionalBand - rock-song-309fa1.mp3
/mock/path/to/project/music/downloaded/classified/singles/Genre/AlternativeRock/FictionalBand - rock-song-e133ce.mp3  ->  /mock/path/to/project/music/downloaded/classified/singles/Genre/AlternativeRock/FictionalBand - rock-song-f84d5e.mp3
/mock/path/to/project/music/downloaded/classified/singles/Genre/AnimeOST/FictionalBand - rock-song-c31c5a.mp3  ->  /mock/path/to/project/music/downloaded/classified/singles/Genre/AnimeOST/FictionalBand - rock-song-df9965.mp3
/mock/path/to/project/music/downloaded/classified/singles/Genre/AnimeOST/FictionalBand - rock-song-ca718d.mp3  ->  /mock/path/to/project/music/downloaded/classified/singles/Genre/AnimeOST/FictionalBand - rock-song-228634.mp3
/mock/path/to/project/music/downloaded/classified/singles/Genre/AnimeOST/FictionalBand - rock-song-a50da7.mp3  ->  /mock/path/to/project/music/downloaded/classified/singles/Genre/AnimeOST/FictionalBand - rock-song-dcf0b6.mp3
/mock/path/to/project/music/downloaded/classified/singles/Genre/ClassicRock/FictionalBand - rock-song-594778.mp3  ->  /mock/path/to/project/music/downloaded/classified/singles/Genre/ClassicRock/FictionalBand - rock-song-309fa1.mp3
/mock/path/to/project/music/downloaded/classified/singles/Genre/ClassicRock/FictionalBand - rock-song-e133ce.mp3  ->  /mock/path/to/project/music/downloaded/classified/singles/Genre/ClassicRock/FictionalBand - rock-song-f84d5e.mp3
/mock/path/to/project/music/downloaded/classified/singles/Genre/EDM/FictionalBand - rock-song-2392e1.mp3  ->  /mock/path/to/project/music/downloaded/classified/singles/Genre/EDM/FictionalBand - rock-song-190a78.mp3
/mock/path/to/project/music/downloaded/classified/singles/Genre/FilmOST/FictionalBand - rock-song-6312d4.mp3  ->  /mock/path/to/project/music/downloaded/classified/singles/Genre/FilmOST/FictionalBand - rock-song-c8de55.mp3
/mock/path/to/project/music/downloaded/classified/singles/Genre/GameOST/FictionalBand - rock-song-83ff21.mp3  ->  /mock/path/to/project/music/downloaded/classified/singles/Genre/GameOST/FictionalBand - rock-song-8484ba.mp3
/mock/path/to/project/music/downloaded/classified/singles/Genre/GameOST/FictionalBand - rock-song-c31c5a.mp3  ->  /mock/path/to/project/music/downloaded/classified/singles/Genre/GameOST/FictionalBand - rock-song-df9965.mp3
/mock/path/to/project/music/downloaded/classified/singles/Genre/GameOST/FictionalBand - rock-song-ca718d.mp3  ->  /mock/path/to/project/music/downloaded/classified/singles/Genre/GameOST/FictionalBand - rock-song-228634.mp3
/mock/path/to/project/music/downloaded/classified/singles/Genre/GameOST/FictionalBand - rock-song-5b09ca.mp3  ->  /mock/path/to/project/music/downloaded/classified/singles/Genre/GameOST/FictionalBand - rock-song-a9fb14.mp3
/mock/path/to/project/music/downloaded/classified/singles/Genre/GameOST/FictionalBand - rock-song-c47157.mp3  ->  /mock/path/to/project/music/downloaded/classified/singles/Genre/GameOST/FictionalBand - rock-song-7e62f9.mp3
/mock/path/to/project/music/downloaded/classified/singles/Genre/GameOST/FictionalBand - rock-song-146489.mp3  ->  /mock/path/to/project/music/downloaded/classified/singles/Genre/GameOST/FictionalBand - rock-song-de190d.mp3
/mock/path/to/project/music/downloaded/classified/singles/Genre/GameOST/FictionalBand - rock-song-9c1d65.mp3  ->  /mock/path/to/project/music/downloaded/classified/singles/Genre/GameOST/FictionalBand - rock-song-2f9297.mp3
/mock/path/to/project/music/downloaded/classified/singles/Genre/GameOST/FictionalBand - rock-song-0d1aac.mp3  ->  /mock/path/to/project/music/downloaded/classified/singles/Genre/GameOST/FictionalBand - rock-song-a25e24.mp3
/mock/path/to/project/music/downloaded/classified/singles/Genre/GameOST/FictionalBand - rock-song-382404.mp3  ->  /mock/path/to/project/music/downloaded/classified/singles/Genre/GameOST/FictionalBand - rock-song-0ca52a.mp3
/mock/path/to/project/music/downloaded/classified/singles/Genre/HardRock/FictionalBand - rock-song-885f1b.mp3  ->  /mock/path/to/project/music/downloaded/classified/singles/Genre/HardRock/FictionalBand - rock-song-6a393d.mp3
/mock/path/to/project/music/downloaded/classified/singles/Genre/HeavyMetal/FictionalBand - rock-song-e509c8.mp3  ->  /mock/path/to/project/music/downloaded/classified/singles/Genre/HeavyMetal/FictionalBand - rock-song-a09492.mp3
/mock/path/to/project/music/downloaded/classified/singles/Genre/JPop/FictionalBand - rock-song-a50da7.mp3  ->  /mock/path/to/project/music/downloaded/classified/singles/Genre/JPop/FictionalBand - rock-song-dcf0b6.mp3
/mock/path/to/project/music/downloaded/classified/singles/Genre/JRock/FictionalBand - rock-song-a50da7.mp3  ->  /mock/path/to/project/music/downloaded/classified/singles/Genre/JRock/FictionalBand - rock-song-dcf0b6.mp3
/mock/path/to/project/music/downloaded/classified/singles/Genre/MPB/FictionalBand - rock-song-1f1503.mp3  ->  /mock/path/to/project/music/downloaded/classified/singles/Genre/MPB/FictionalBand - rock-song-613f52.mp3
/mock/path/to/project/music/downloaded/classified/singles/Genre/MPB/FictionalBand - rock-song-2cddef.mp3  ->  /mock/path/to/project/music/downloaded/classified/singles/Genre/MPB/FictionalBand - rock-song-ba4d2f.mp3
/mock/path/to/project/music/downloaded/classified/singles/Genre/NuMetal/FictionalBand - rock-song-b16ada.mp3  ->  /mock/path/to/project/music/downloaded/classified/singles/Genre/NuMetal/FictionalBand - rock-song-74c0c3.mp3
/mock/path/to/project/music/downloaded/classified/singles/Genre/NuMetal/FictionalBand - rock-song-46685b.mp3  ->  /mock/path/to/project/music/downloaded/classified/singles/Genre/NuMetal/FictionalBand - rock-song-58c845.mp3
/mock/path/to/project/music/downloaded/classified/singles/Genre/Orchestral/FictionalBand - rock-song-6312d4.mp3  ->  /mock/path/to/project/music/downloaded/classified/singles/Genre/Orchestral/FictionalBand - rock-song-c8de55.mp3
/mock/path/to/project/music/downloaded/classified/singles/Genre/Orchestral/FictionalBand - rock-song-146489.mp3  ->  /mock/path/to/project/music/downloaded/classified/singles/Genre/Orchestral/FictionalBand - rock-song-de190d.mp3
/mock/path/to/project/music/downloaded/classified/singles/Genre/PostGrunge/FictionalBand - rock-song-5d0d04.mp3  ->  /mock/path/to/project/music/downloaded/classified/singles/Genre/PostGrunge/FictionalBand - rock-song-d33eca.mp3
/mock/path/to/project/music/downloaded/classified/singles/Genre/ThrashMetal/FictionalBand - rock-song-e509c8.mp3  ->  /mock/path/to/project/music/downloaded/classified/singles/Genre/ThrashMetal/FictionalBand - rock-song-a09492.mp3
/mock/path/to/project/music/downloaded/classified/singles/Mood/Adventurous/FictionalBand - rock-song-c31c5a.mp3  ->  /mock/path/to/project/music/downloaded/classified/singles/Mood/Adventurous/FictionalBand - rock-song-df9965.mp3
/mock/path/to/project/music/downloaded/classified/singles/Mood/Adventurous/FictionalBand - rock-song-ca718d.mp3  ->  /mock/path/to/project/music/downloaded/classified/singles/Mood/Adventurous/FictionalBand - rock-song-228634.mp3
/mock/path/to/project/music/downloaded/classified/singles/Mood/Adventurous/FictionalBand - rock-song-a50da7.mp3  ->  /mock/path/to/project/music/downloaded/classified/singles/Mood/Adventurous/FictionalBand - rock-song-dcf0b6.mp3
/mock/path/to/project/music/downloaded/classified/singles/Mood/Aggressive/FictionalBand - rock-song-e509c8.mp3  ->  /mock/path/to/project/music/downloaded/classified/singles/Mood/Aggressive/FictionalBand - rock-song-a09492.mp3
/mock/path/to/project/music/downloaded/classified/singles/Mood/Aggressive/FictionalBand - rock-song-b16ada.mp3  ->  /mock/path/to/project/music/downloaded/classified/singles/Mood/Aggressive/FictionalBand - rock-song-74c0c3.mp3
/mock/path/to/project/music/downloaded/classified/singles/Mood/Aggressive/FictionalBand - rock-song-46685b.mp3  ->  /mock/path/to/project/music/downloaded/classified/singles/Mood/Aggressive/FictionalBand - rock-song-58c845.mp3
/mock/path/to/project/music/downloaded/classified/singles/Mood/Ambient/FictionalBand - rock-song-5b09ca.mp3  ->  /mock/path/to/project/music/downloaded/classified/singles/Mood/Ambient/FictionalBand - rock-song-a9fb14.mp3
/mock/path/to/project/music/downloaded/classified/singles/Mood/Chill/FictionalBand - rock-song-1f1503.mp3  ->  /mock/path/to/project/music/downloaded/classified/singles/Mood/Chill/FictionalBand - rock-song-613f52.mp3
/mock/path/to/project/music/downloaded/classified/singles/Mood/Chill/FictionalBand - rock-song-5b09ca.mp3  ->  /mock/path/to/project/music/downloaded/classified/singles/Mood/Chill/FictionalBand - rock-song-a9fb14.mp3
/mock/path/to/project/music/downloaded/classified/singles/Mood/Chill/FictionalBand - rock-song-885f1b.mp3  ->  /mock/path/to/project/music/downloaded/classified/singles/Mood/Chill/FictionalBand - rock-song-6a393d.mp3
/mock/path/to/project/music/downloaded/classified/singles/Mood/Chill/FictionalBand - rock-song-6312d4.mp3  ->  /mock/path/to/project/music/downloaded/classified/singles/Mood/Chill/FictionalBand - rock-song-c8de55.mp3
/mock/path/to/project/music/downloaded/classified/singles/Mood/Chill/FictionalBand - rock-song-2cddef.mp3  ->  /mock/path/to/project/music/downloaded/classified/singles/Mood/Chill/FictionalBand - rock-song-ba4d2f.mp3
/mock/path/to/project/music/downloaded/classified/singles/Mood/Chill/FictionalBand - rock-song-e133ce.mp3  ->  /mock/path/to/project/music/downloaded/classified/singles/Mood/Chill/FictionalBand - rock-song-f84d5e.mp3
/mock/path/to/project/music/downloaded/classified/singles/Mood/Chill/FictionalBand - rock-song-146489.mp3  ->  /mock/path/to/project/music/downloaded/classified/singles/Mood/Chill/FictionalBand - rock-song-de190d.mp3
/mock/path/to/project/music/downloaded/classified/singles/Mood/Dark/FictionalBand - rock-song-c47157.mp3  ->  /mock/path/to/project/music/downloaded/classified/singles/Mood/Dark/FictionalBand - rock-song-7e62f9.mp3
/mock/path/to/project/music/downloaded/classified/singles/Mood/Dark/FictionalBand - rock-song-e509c8.mp3  ->  /mock/path/to/project/music/downloaded/classified/singles/Mood/Dark/FictionalBand - rock-song-a09492.mp3
/mock/path/to/project/music/downloaded/classified/singles/Mood/Dark/FictionalBand - rock-song-5d0d04.mp3  ->  /mock/path/to/project/music/downloaded/classified/singles/Mood/Dark/FictionalBand - rock-song-d33eca.mp3
/mock/path/to/project/music/downloaded/classified/singles/Mood/Emotional/FictionalBand - rock-song-2cddef.mp3  ->  /mock/path/to/project/music/downloaded/classified/singles/Mood/Emotional/FictionalBand - rock-song-ba4d2f.mp3
/mock/path/to/project/music/downloaded/classified/singles/Mood/Emotional/FictionalBand - rock-song-594778.mp3  ->  /mock/path/to/project/music/downloaded/classified/singles/Mood/Emotional/FictionalBand - rock-song-309fa1.mp3
/mock/path/to/project/music/downloaded/classified/singles/Mood/Energetic/FictionalBand - rock-song-2392e1.mp3  ->  /mock/path/to/project/music/downloaded/classified/singles/Mood/Energetic/FictionalBand - rock-song-190a78.mp3
/mock/path/to/project/music/downloaded/classified/singles/Mood/Energetic/FictionalBand - rock-song-ca718d.mp3  ->  /mock/path/to/project/music/downloaded/classified/singles/Mood/Energetic/FictionalBand - rock-song-228634.mp3
/mock/path/to/project/music/downloaded/classified/singles/Mood/Epic/FictionalBand - rock-song-c31c5a.mp3  ->  /mock/path/to/project/music/downloaded/classified/singles/Mood/Epic/FictionalBand - rock-song-df9965.mp3
/mock/path/to/project/music/downloaded/classified/singles/Mood/Epic/FictionalBand - rock-song-ca718d.mp3  ->  /mock/path/to/project/music/downloaded/classified/singles/Mood/Epic/FictionalBand - rock-song-228634.mp3
/mock/path/to/project/music/downloaded/classified/singles/Mood/Epic/FictionalBand - rock-song-5b09ca.mp3  ->  /mock/path/to/project/music/downloaded/classified/singles/Mood/Epic/FictionalBand - rock-song-a9fb14.mp3
/mock/path/to/project/music/downloaded/classified/singles/Mood/Epic/FictionalBand - rock-song-885f1b.mp3  ->  /mock/path/to/project/music/downloaded/classified/singles/Mood/Epic/FictionalBand - rock-song-6a393d.mp3
/mock/path/to/project/music/downloaded/classified/singles/Mood/Epic/FictionalBand - rock-song-e509c8.mp3  ->  /mock/path/to/project/music/downloaded/classified/singles/Mood/Epic/FictionalBand - rock-song-a09492.mp3
/mock/path/to/project/music/downloaded/classified/singles/Mood/Epic/FictionalBand - rock-song-a50da7.mp3  ->  /mock/path/to/project/music/downloaded/classified/singles/Mood/Epic/FictionalBand - rock-song-dcf0b6.mp3
/mock/path/to/project/music/downloaded/classified/singles/Mood/Ethereal/FictionalBand - rock-song-5b09ca.mp3  ->  /mock/path/to/project/music/downloaded/classified/singles/Mood/Ethereal/FictionalBand - rock-song-a9fb14.mp3
/mock/path/to/project/music/downloaded/classified/singles/Mood/Ethereal/FictionalBand - rock-song-146489.mp3  ->  /mock/path/to/project/music/downloaded/classified/singles/Mood/Ethereal/FictionalBand - rock-song-de190d.mp3
/mock/path/to/project/music/downloaded/classified/singles/Mood/Gaming/FictionalBand - rock-song-83ff21.mp3  ->  /mock/path/to/project/music/downloaded/classified/singles/Mood/Gaming/FictionalBand - rock-song-8484ba.mp3
/mock/path/to/project/music/downloaded/classified/singles/Mood/Gaming/FictionalBand - rock-song-5b09ca.mp3  ->  /mock/path/to/project/music/downloaded/classified/singles/Mood/Gaming/FictionalBand - rock-song-a9fb14.mp3
/mock/path/to/project/music/downloaded/classified/singles/Mood/Gaming/FictionalBand - rock-song-c47157.mp3  ->  /mock/path/to/project/music/downloaded/classified/singles/Mood/Gaming/FictionalBand - rock-song-7e62f9.mp3
/mock/path/to/project/music/downloaded/classified/singles/Mood/Gaming/FictionalBand - rock-song-9c1d65.mp3  ->  /mock/path/to/project/music/downloaded/classified/singles/Mood/Gaming/FictionalBand - rock-song-2f9297.mp3
/mock/path/to/project/music/downloaded/classified/singles/Mood/Introspective/FictionalBand - rock-song-594778.mp3  ->  /mock/path/to/project/music/downloaded/classified/singles/Mood/Introspective/FictionalBand - rock-song-309fa1.mp3
/mock/path/to/project/music/downloaded/classified/singles/Mood/Introspective/FictionalBand - rock-song-e133ce.mp3  ->  /mock/path/to/project/music/downloaded/classified/singles/Mood/Introspective/FictionalBand - rock-song-f84d5e.mp3
/mock/path/to/project/music/downloaded/classified/singles/Mood/Melancholic/FictionalBand - rock-song-c47157.mp3  ->  /mock/path/to/project/music/downloaded/classified/singles/Mood/Melancholic/FictionalBand - rock-song-7e62f9.mp3
/mock/path/to/project/music/downloaded/classified/singles/Mood/Melancholic/FictionalBand - rock-song-594778.mp3  ->  /mock/path/to/project/music/downloaded/classified/singles/Mood/Melancholic/FictionalBand - rock-song-309fa1.mp3
/mock/path/to/project/music/downloaded/classified/singles/Mood/Melancholic/FictionalBand - rock-song-146489.mp3  ->  /mock/path/to/project/music/downloaded/classified/singles/Mood/Melancholic/FictionalBand - rock-song-de190d.mp3
/mock/path/to/project/music/downloaded/classified/singles/Mood/Mysterious/FictionalBand - rock-song-c47157.mp3  ->  /mock/path/to/project/music/downloaded/classified/singles/Mood/Mysterious/FictionalBand - rock-song-7e62f9.mp3
/mock/path/to/project/music/downloaded/classified/singles/Mood/Nostalgic/FictionalBand - rock-song-83ff21.mp3  ->  /mock/path/to/project/music/downloaded/classified/singles/Mood/Nostalgic/FictionalBand - rock-song-8484ba.mp3
/mock/path/to/project/music/downloaded/classified/singles/Mood/Nostalgic/FictionalBand - rock-song-5b09ca.mp3  ->  /mock/path/to/project/music/downloaded/classified/singles/Mood/Nostalgic/FictionalBand - rock-song-a9fb14.mp3
/mock/path/to/project/music/downloaded/classified/singles/Mood/Nostalgic/FictionalBand - rock-song-c47157.mp3  ->  /mock/path/to/project/music/downloaded/classified/singles/Mood/Nostalgic/FictionalBand - rock-song-7e62f9.mp3
/mock/path/to/project/music/downloaded/classified/singles/Mood/Nostalgic/FictionalBand - rock-song-594778.mp3  ->  /mock/path/to/project/music/downloaded/classified/singles/Mood/Nostalgic/FictionalBand - rock-song-309fa1.mp3
/mock/path/to/project/music/downloaded/classified/singles/Mood/Nostalgic/FictionalBand - rock-song-9c1d65.mp3  ->  /mock/path/to/project/music/downloaded/classified/singles/Mood/Nostalgic/FictionalBand - rock-song-2f9297.mp3
/mock/path/to/project/music/downloaded/classified/singles/Mood/Party/FictionalBand - rock-song-2392e1.mp3  ->  /mock/path/to/project/music/downloaded/classified/singles/Mood/Party/FictionalBand - rock-song-190a78.mp3
/mock/path/to/project/music/downloaded/classified/singles/Mood/Rebellious/FictionalBand - rock-song-b16ada.mp3  ->  /mock/path/to/project/music/downloaded/classified/singles/Mood/Rebellious/FictionalBand - rock-song-74c0c3.mp3
/mock/path/to/project/music/downloaded/classified/singles/Mood/Rebellious/FictionalBand - rock-song-46685b.mp3  ->  /mock/path/to/project/music/downloaded/classified/singles/Mood/Rebellious/FictionalBand - rock-song-58c845.mp3
/mock/path/to/project/music/downloaded/classified/singles/Mood/StudyFocus/FictionalBand - rock-song-5b09ca.mp3  ->  /mock/path/to/project/music/downloaded/classified/singles/Mood/StudyFocus/FictionalBand - rock-song-a9fb14.mp3
/mock/path/to/project/music/downloaded/classified/singles/Mood/StudyFocus/FictionalBand - rock-song-146489.mp3  ->  /mock/path/to/project/music/downloaded/classified/singles/Mood/StudyFocus/FictionalBand - rock-song-de190d.mp3
/mock/path/to/project/music/downloaded/classified/singles/Mood/StudyFocus/FictionalBand - rock-song-0d1aac.mp3  ->  /mock/path/to/project/music/downloaded/classified/singles/Mood/StudyFocus/FictionalBand - rock-song-a25e24.mp3
/mock/path/to/project/music/downloaded/classified/singles/Mood/StudyFocus/FictionalBand - rock-song-382404.mp3  ->  /mock/path/to/project/music/downloaded/classified/singles/Mood/StudyFocus/FictionalBand - rock-song-0ca52a.mp3
/mock/path/to/project/music/downloaded/classified/singles/Mood/Triumphant/FictionalBand - rock-song-c31c5a.mp3  ->  /mock/path/to/project/music/downloaded/classified/singles/Mood/Triumphant/FictionalBand - rock-song-df9965.mp3
/mock/path/to/project/music/downloaded/classified/singles/Mood/Triumphant/FictionalBand - rock-song-ca718d.mp3  ->  /mock/path/to/project/music/downloaded/classified/singles/Mood/Triumphant/FictionalBand - rock-song-228634.mp3
/mock/path/to/project/music/downloaded/classified/singles/Mood/Triumphant/FictionalBand - rock-song-a50da7.mp3  ->  /mock/path/to/project/music/downloaded/classified/singles/Mood/Triumphant/FictionalBand - rock-song-dcf0b6.mp3
/mock/path/to/project/music/downloaded/classified/singles/Mood/Upbeat/FictionalBand - rock-song-83ff21.mp3  ->  /mock/path/to/project/music/downloaded/classified/singles/Mood/Upbeat/FictionalBand - rock-song-8484ba.mp3
/mock/path/to/project/music/downloaded/classified/singles/Mood/Workout/FictionalBand - rock-song-c31c5a.mp3  ->  /mock/path/to/project/music/downloaded/classified/singles/Mood/Workout/FictionalBand - rock-song-df9965.mp3
/mock/path/to/project/music/downloaded/classified/singles/Mood/Workout/FictionalBand - rock-song-ca718d.mp3  ->  /mock/path/to/project/music/downloaded/classified/singles/Mood/Workout/FictionalBand - rock-song-228634.mp3
/mock/path/to/project/music/downloaded/classified/singles/Mood/Workout/FictionalBand - rock-song-e509c8.mp3  ->  /mock/path/to/project/music/downloaded/classified/singles/Mood/Workout/FictionalBand - rock-song-a09492.mp3
/mock/path/to/project/music/downloaded/classified/singles/Mood/Workout/FictionalBand - rock-song-a50da7.mp3  ->  /mock/path/to/project/music/downloaded/classified/singles/Mood/Workout/FictionalBand - rock-song-dcf0b6.mp3
/mock/path/to/project/music/downloaded/classified/singles/Mood/Workout/FictionalBand - rock-song-b16ada.mp3  ->  /mock/path/to/project/music/downloaded/classified/singles/Mood/Workout/FictionalBand - rock-song-74c0c3.mp3
/mock/path/to/project/music/downloaded/classified/singles/Mood/Workout/FictionalBand - rock-song-46685b.mp3  ->  /mock/path/to/project/music/downloaded/classified/singles/Mood/Workout/FictionalBand - rock-song-58c845.mp3
